TN:
SF:D:\Project\agl-demo\src\polyfills.ts
FNF:0
FNH:0
LF:0
LH:0
BRF:0
BRH:0
end_of_record
TN:
SF:D:\Project\agl-demo\src\test.ts
FNF:0
FNH:0
DA:13,1
DA:18,1
DA:20,1
LF:3
LH:3
BRF:0
BRH:0
end_of_record
TN:
SF:D:\Project\agl-demo\src\app\app.component.ts
FN:11,(anonymous_0)
FN:16,AppComponent
FN:21,(anonymous_2)
FN:22,(anonymous_3)
FN:26,(anonymous_4)
FN:28,(anonymous_5)
FNF:6
FNH:6
FNDA:1,(anonymous_0)
FNDA:4,AppComponent
FNDA:2,(anonymous_2)
FNDA:2,(anonymous_3)
FNDA:2,(anonymous_4)
FNDA:1,(anonymous_5)
DA:11,1
DA:12,4
DA:17,4
DA:18,4
DA:21,2
DA:22,2
DA:23,2
DA:26,2
DA:27,2
DA:29,1
DA:30,1
DA:31,1
DA:34,1
LF:13
LH:13
BRF:0
BRH:0
end_of_record
TN:
SF:D:\Project\agl-demo\src\app\app.constant.ts
FNF:0
FNH:0
DA:1,1
LF:1
LH:1
BRF:0
BRH:0
end_of_record
TN:
SF:D:\Project\agl-demo\src\app\people.service.ts
FN:11,(anonymous_0)
FN:12,PeopleService
FN:14,(anonymous_2)
FN:16,(anonymous_3)
FN:19,(anonymous_4)
FN:24,(anonymous_5)
FN:27,(anonymous_6)
FN:28,(anonymous_7)
FN:31,(anonymous_8)
FN:32,(anonymous_9)
FN:42,(anonymous_10)
FN:44,(anonymous_11)
FNF:12
FNH:10
FNDA:1,(anonymous_0)
FNDA:9,PeopleService
FNDA:2,(anonymous_2)
FNDA:0,(anonymous_3)
FNDA:0,(anonymous_4)
FNDA:1,(anonymous_5)
FNDA:2,(anonymous_6)
FNDA:2,(anonymous_7)
FNDA:2,(anonymous_8)
FNDA:1,(anonymous_9)
FNDA:2,(anonymous_10)
FNDA:4,(anonymous_11)
DA:11,1
DA:12,9
DA:14,2
DA:15,2
DA:17,0
DA:18,0
DA:20,0
DA:24,1
DA:25,1
DA:26,1
DA:27,2
DA:29,2
DA:30,2
DA:31,2
DA:32,1
DA:34,2
DA:42,1
DA:43,2
DA:44,2
DA:45,4
DA:46,4
DA:49,1
LF:22
LH:19
BRDA:25,0,0,0
BRDA:25,0,1,1
BRDA:31,1,0,2
BRDA:31,1,1,0
BRDA:43,2,0,0
BRDA:43,2,1,2
BRDA:45,3,0,4
BRDA:45,3,1,0
BRF:8
BRH:4
end_of_record
